/Users/polyclawd/clawd/polymarket/scripts/data_collector.py:141: DeprecationWarning: datetime.datetime.utcnow() is deprecated and scheduled for removal in a future version. Use timezone-aware objects to represent datetimes in UTC: datetime.datetime.now(datetime.UTC).
  datetime.utcnow().isoformat()
============================================================
Starting data collection - 2026-02-01T15:42:42.615380
============================================================

📊 Fetching CLOSED markets (for backtesting)...
  Collected 10 markets...
  Collected 20 markets...
  Collected 30 markets...
  Collected 40 markets...
  Collected 50 markets...
  Collected 60 markets...
  Collected 70 markets...
  Collected 80 markets...
  Collected 90 markets...
  Collected 100 markets...
  Collected 110 markets...
  Collected 120 markets...
  Collected 130 markets...
  Collected 140 markets...
  Collected 150 markets...
  Collected 160 markets...
  Collected 170 markets...
  Collected 180 markets...
  Collected 190 markets...
  Collected 200 markets...
  Collected 210 markets...
  Collected 220 markets...
  Collected 230 markets...
  Collected 240 markets...
  Collected 250 markets...
  Collected 260 markets...
  Collected 270 markets...
  Collected 280 markets...
  Collected 290 markets...
  Collected 300 markets...
  Collected 310 markets...
  Collected 320 markets...
  Collected 330 markets...
  Collected 340 markets...
  Collected 350 markets...
  Collected 360 markets...
  Collected 370 markets...
  Collected 380 markets...
  Collected 390 markets...
  Collected 400 markets...
  Collected 410 markets...
  Collected 420 markets...
  Collected 430 markets...
  Collected 440 markets...
  Collected 450 markets...
  Collected 460 markets...
  Collected 470 markets...
  Collected 480 markets...
  Collected 490 markets...
  Collected 500 markets...

📈 Fetching ACTIVE markets...

✅ Collection complete! Total markets: 500

📊 Final Statistics:
   Total markets: 495
   Price history points: 59427
